<?xml version="1.0" encoding="UTF-8"?>
<!-- Generated by org.testng.reporters.JUnitReportReporter -->
<testsuite hostname="DESKTOP-O7C6MH5" failures="0" tests="4" name="api.test.UserTests2" time="12.174" errors="0" timestamp="2025-02-19T10:17:50 IST" skipped="0">
  <testcase classname="api.test.UserTests2" name="testPostUser" time="6.129"/>
  <system-out/>
  <testcase classname="api.test.UserTests2" name="testGetUserByName" time="1.593"/>
  <system-out/>
  <testcase classname="api.test.UserTests2" name="testUpdateUserByName" time="2.924"/>
  <system-out/>
  <testcase classname="api.test.UserTests2" name="testDeleteUserByName" time="1.528"/>
  <system-out/>
</testsuite> <!-- api.test.UserTests2 -->
