<?xml version="1.0" encoding="UTF-8"?>
<!-- Generated by org.testng.reporters.JUnitReportReporter -->
<testsuite hostname="DESKTOP-O7C6MH5" failures="0" tests="4" name="api.test.UserTests" time="11.316" errors="0" timestamp="2025-02-18T17:22:11 IST" skipped="0">
  <testcase classname="api.test.UserTests" name="testPostUser" time="5.378"/>
  <system-out/>
  <testcase classname="api.test.UserTests" name="testGetUserByName" time="1.647"/>
  <system-out/>
  <testcase classname="api.test.UserTests" name="testUpdateUserByName" time="2.907"/>
  <system-out/>
  <testcase classname="api.test.UserTests" name="testDeleteUserByName" time="1.384"/>
  <system-out/>
</testsuite> <!-- api.test.UserTests -->
