<?xml version="1.0" encoding="UTF-8"?>
<!-- Generated by org.testng.reporters.JUnitReportReporter -->
<testsuite hostname="DESKTOP-O7C6MH5" failures="0" tests="4" name="api.test.UserTests2" time="10.626" errors="0" timestamp="2025-02-24T10:52:46 IST" skipped="0">
  <testcase classname="api.test.UserTests2" name="testPostUser" time="4.592"/>
  <system-out/>
  <testcase classname="api.test.UserTests2" name="testGetUserByName" time="1.552"/>
  <system-out/>
  <testcase classname="api.test.UserTests2" name="testUpdateUserByName" time="2.873"/>
  <system-out/>
  <testcase classname="api.test.UserTests2" name="testDeleteUserByName" time="1.609"/>
  <system-out/>
</testsuite> <!-- api.test.UserTests2 -->
