<?xml version="1.0" encoding="UTF-8"?>
<!-- Generated by org.testng.reporters.JUnitReportReporter -->
<testsuite hostname="DESKTOP-O7C6MH5" failures="0" tests="4" name="api.test.UserTests2" time="11.138" errors="0" timestamp="2025-02-19T12:08:16 IST" skipped="0">
  <testcase classname="api.test.UserTests2" name="testPostUser" time="4.767"/>
  <system-out/>
  <testcase classname="api.test.UserTests2" name="testGetUserByName" time="1.683"/>
  <system-out/>
  <testcase classname="api.test.UserTests2" name="testUpdateUserByName" time="3.155"/>
  <system-out/>
  <testcase classname="api.test.UserTests2" name="testDeleteUserByName" time="1.533"/>
  <system-out/>
</testsuite> <!-- api.test.UserTests2 -->
